


PBLauncher Start - 2018-09-24 09-10-23
## PBLauncher Ver 1.0.0.7
PBLauncher End - 2018-09-24 09-10-31



PBLauncher Start - 2018-09-24 09-22-25
## PBLauncher Ver 1.0.0.7
PBLauncher End - 2018-09-24 09-22-28



PBLauncher Start - 2018-09-24 09-40-25
## PBLauncher Ver 1.0.0.7
PBLauncher End - 2018-09-24 09-40-28



PBLauncher Start - 2018-09-24 09-40-42
## PBLauncher Ver 1.0.0.7
PBLauncher End - 2018-09-24 09-40-46



PBLauncher Start - 2018-10-11 18-40-51
## PBLauncher Ver 1.0.0.7



PBLauncher Start - 2018-10-11 18-40-55
## PBLauncher Ver 1.0.0.7
## PBLauncher Download Patch Version - 10
# Patch file Update Exception # FileName : Sound_voice_Announce(2).i3Pack
# Patch file Update Exception # FileName : UI_Card.i3Pack
# Patch file Update Exception # FileName : UI_DinoMode.i3Pack
# Patch file Update Exception # FileName : UI_Hud.i3Pack
# Patch file Update Exception # FileName : UI_Ingame-Hud.i3Pack
# Patch file Update Exception # FileName : UI_Ingame-pause.i3Pack
# Patch file Update Exception # FileName : UI_Ingame.i3Pack
# Patch file Update Exception # FileName : UI_Interface-Map.i3Pack
# Patch file Update Exception # FileName : UI_Interface.i3Pack
# Patch file Update Exception # FileName : UI_Item-Beret_New.i3Pack
# Patch file Update Exception # FileName : UI_Item-Cash.i3Pack
# Patch file Update Exception # FileName : UI_Item-Cha.i3Pack
# Patch file Update Exception # FileName : UI_Item-Head.i3Pack
# Patch file Update Exception # FileName : UI_Item-Mask.i3Pack
# Patch file Update Exception # FileName : UI_Item.i3Pack
# Patch file Update Exception # FileName : UI_Loading.i3Pack
# Patch file Update Exception # FileName : UI_Main-SourceA (2).i3Pack
# Patch file Update Exception # FileName : UI_Main-SourceA.i3Pack
# Patch file Update Exception # FileName : UI_Main-SourceB (2).i3Pack
# Patch file Update Exception # FileName : UI_Main-SourceB.i3Pack
# Patch file Update Exception # FileName : UI_Main-SourceC.i3Pack
# Patch file Update Exception # FileName : UI_Main.i3Pack
# Patch file Update Exception # FileName : UI_Project.i3Pack
# Patch file Update Exception # FileName : UI_Project_Clan.i3Pack
# Patch file Update Exception # FileName : UI_Project_HUD.i3Pack
# Patch file Update Exception # FileName : UI_Project_Inven.i3Pack
# Patch file Update Exception # FileName : UI_Project_Lobby.i3Pack
# Patch file Update Exception # FileName : UI_Project_Popup.i3Pack
# Patch file Update Exception # FileName : UI_Project_Profile.i3Pack
# Patch file Update Exception # FileName : UI_Project_ReadyRoom.i3Pack
# Patch file Update Exception # FileName : UI_Project_ServerList.i3Pack
# Patch file Update Exception # FileName : UI_Project_Shop.i3Pack
# Patch file Update Exception # FileName : UI_Re2.i3Pack
# Patch file Update Exception # FileName : UI_Re2_Script.i3Pack
# Patch file Update Exception # FileName : UI_Showroom (2).i3Pack
# Patch file Update Exception # FileName : UI_Showroom.i3Pack
# Patch file Update Exception # FileName : Weapon_AUG_A3_Latin_Championship2.i3Pack
# Patch file Update Exception # FileName : Weapon_AUG_A3_Paladin.i3Pack
# Patch file Update Exception # FileName : Weapon_AUG_A3_PBWC-Brazuca.i3Pack
# Patch file Update Exception # FileName : Weapon_AUG_A3_Renegade2.i3Pack
# Patch file Update Exception # FileName : Weapon_AUG_HBAR_Renegade2.i3Pack
# Patch file Update Exception # FileName : Weapon_CheytacM200_PBWC-Brazuca.i3Pack
# Patch file Update Exception # FileName : Weapon_Cheytac_M200_Paladin.i3Pack
# Patch file Update Exception # FileName : Weapon_ColtPython_Latin_Championship2.i3Pack
# Patch file Update Exception # FileName : Weapon_FangBlade_Paladin.i3Pack
# Patch file Update Exception # FileName : Weapon_Karambit_PBWC-Brazuca.i3Pack
# Patch file Update Exception # FileName : Weapon_Karambit_Renegade2.i3Pack
# Patch file Update Exception # FileName : Weapon_KrissSuperV_Silence_Paladin.i3Pack
# Patch file Update Exception # FileName : Weapon_KrissSuperV_Silence_Renegade2.i3Pack
# Patch file Update Exception # FileName : Weapon_Kriss_S_V_Latin_Championship2.i3Pack
# Patch file Update Exception # FileName : Weapon_M1887_Latin_Championship2.i3Pack
# Patch file Update Exception # FileName : Weapon_M1887_Renegade2.i3Pack
# Patch file Update Exception # FileName : Weapon_OA-93_Paladin.i3Pack
# Patch file Update Exception # FileName : Weapon_OA-93_Renegade2.i3Pack
# Patch file Update Exception # FileName : Weapon_P90_Ext_PBWC-Brazuca.i3Pack
# Patch file Update Exception # FileName : Weapon_P90_Ext_Renegade2.i3Pack
# Patch file Update Exception # FileName : Weapon_SC2010_PBWC-Brazuca.i3Pack
# Patch file Update Exception # FileName : Weapon_Taclite-T2_Renegade2.i3Pack
# Patch file Update Exception # FileName : Weapon_Tactilite-T2_Latin_Championship2.i3Pack
# Patch file Update Exception # FileName : Weapon_Tactilite_T2_PBWC-Brazuca.i3Pack
# PBLauncher Download - 11
# Patch file Update Exception # FileName : UI_Interface.i3Pack
# PBLauncher Download - 12
# Patch file Update Exception # FileName : UI_Interface-Map.i3Pack
PBLauncher End - 2018-10-11 18-41-39



PBLauncher Start - 2018-10-11 18-42-05
## PBLauncher Ver 1.0.0.7



PBLauncher Start - 2018-10-11 18-42-18
## PBLauncher Ver 1.0.0.7
PBLauncher End - 2018-10-11 18-42-33



PBLauncher Start - 2018-10-11 18-42-58
## PBLauncher Ver 1.0.0.7
## PBLauncher Download Patch Version - 12
# Patch file Update Exception # FileName : UI_Interface-Map.i3Pack
PBLauncher End - 2018-10-11 18-43-03



PBLauncher Start - 2018-10-11 18-56-45
## PBLauncher Ver 1.0.0.7



PBLauncher Start - 2018-10-11 18-57-02
## PBLauncher Ver 1.0.0.7



PBLauncher Start - 2018-10-11 18-59-16
## PBLauncher Ver 1.0.0.7



PBLauncher Start - 2018-10-11 18-59-21
## PBLauncher Ver 1.0.0.7



PBLauncher Start - 2018-10-11 19-00-28
## PBLauncher Ver 1.0.0.7



PBLauncher Start - 2018-10-11 19-00-32
## PBLauncher Ver 1.0.0.7



PBLauncher Start - 2018-10-11 19-02-05
## PBLauncher Ver 1.0.0.7



PBLauncher Start - 2018-10-11 19-02-17
## PBLauncher Ver 1.0.0.7



PBLauncher Start - 2018-10-11 19-03-19
## PBLauncher Ver 1.0.0.7



PBLauncher Start - 2018-10-11 19-03-22
## PBLauncher Ver 1.0.0.7



PBLauncher Start - 2018-10-11 19-03-35
## PBLauncher Ver 1.0.0.7



PBLauncher Start - 2561-11-22 05-17-15
## PBLauncher Ver 1.0.0.7



PBLauncher Start - 2561-11-22 05-17-18
## PBLauncher Ver 1.0.0.7
PBLauncher End - 2561-11-22 05-17-22



PBLauncher Start - 2022-08-28 14-51-35
## PBLauncher Ver 1.0.0.7
# PBLauncher Status - ไม่สามารถเชื่อมต่อกับเซิร์ฟเวอร์ได้.
PBLauncher End - 2022-08-28 14-51-38
